<?xml version="1.0" encoding="UTF-8"?>
<!-- Generated by org.testng.reporters.JUnitReportReporter -->
<testsuite hostname="Tejas" failures="0" tests="5" name="_10_DataDrivenTesting.DataDrivenTesting" time="8.869" errors="0" timestamp="2025-06-22T16:40:38 IST" skipped="0">
  <testcase classname="_10_DataDrivenTesting.DataDrivenTesting" name="testWithCSV" time="1.427"/>
  <testcase classname="_10_DataDrivenTesting.DataDrivenTesting" name="testWithCSV" time="1.017"/>
  <testcase classname="_10_DataDrivenTesting.DataDrivenTesting" name="testWithCSV" time="4.077"/>
  <testcase classname="_10_DataDrivenTesting.DataDrivenTesting" name="testWithCSV" time="1.169"/>
  <testcase classname="_10_DataDrivenTesting.DataDrivenTesting" name="testWithCSV" time="1.179"/>
</testsuite> <!-- _10_DataDrivenTesting.DataDrivenTesting -->
