<?xml version="1.0" encoding="UTF-8"?>
<!-- Generated by org.testng.reporters.JUnitReportReporter -->
<testsuite hostname="Tejas" failures="0" tests="1" name="_08_APIChaining.UpdateUser" time="1.274" errors="0" timestamp="2025-06-21T14:08:54 IST" skipped="0">
  <testcase classname="_08_APIChaining.UpdateUser" name="updateUser" time="1.274"/>
</testsuite> <!-- _08_APIChaining.UpdateUser -->
