<?xml version="1.0" encoding="UTF-8"?>
<!-- Generated by org.testng.reporters.JUnitReportReporter -->
<testsuite hostname="Tejas" failures="0" tests="1" name="_06_ParsingJSONArray.EmployeesAPI" time="1.982" errors="0" timestamp="2025-06-08T13:27:01 IST" skipped="0">
  <testcase classname="_06_ParsingJSONArray.EmployeesAPI" name="testJsonResponseBody" time="1.982"/>
</testsuite> <!-- _06_ParsingJSONArray.EmployeesAPI -->
