<?xml version="1.0" encoding="UTF-8"?>
<!-- Generated by org.testng.reporters.JUnitReportReporter -->
<testsuite hostname="Tejas" failures="0" tests="1" name="_02_RequestPayload.RequestPayload" time="1.449" errors="0" timestamp="2025-06-07T14:00:52 IST" skipped="0">
  <testcase classname="_02_RequestPayload.RequestPayload" name="createStudentExternalFile" time="1.449"/>
</testsuite> <!-- _02_RequestPayload.RequestPayload -->
