<?xml version="1.0" encoding="UTF-8"?>
<!-- Generated by org.testng.reporters.JUnitReportReporter -->
<testsuite hostname="Tejas" failures="0" tests="1" name="_04_FileUpload.HeaderTest" time="2.507" errors="0" timestamp="2025-06-08T11:40:47 IST" skipped="0">
  <testcase classname="_04_FileUpload.HeaderTest" name="getHeaders" time="2.507"/>
</testsuite> <!-- _04_FileUpload.HeaderTest -->
