<?xml version="1.0" encoding="UTF-8"?>
<!-- Generated by org.testng.reporters.JUnitReportReporter -->
<testsuite hostname="Tejas" failures="0" tests="1" name="_08_APIChaining.GenerateTestData" time="0.156" errors="0" timestamp="2025-06-21T12:51:07 IST" skipped="0">
  <testcase classname="_08_APIChaining.GenerateTestData" name="fakDataGenerator" time="0.156"/>
</testsuite> <!-- _08_APIChaining.GenerateTestData -->
