<?xml version="1.0" encoding="UTF-8"?>
<!-- Generated by org.testng.reporters.JUnitReportReporter -->
<testsuite hostname="Tejas" failures="0" tests="4" name="_08_APIChaining.APIChaining" time="5.985" errors="0" timestamp="2025-06-21T13:49:55 IST" skipped="0">
  <testcase classname="_08_APIChaining.APIChaining" name="createUser" time="2.738"/>
  <testcase classname="_08_APIChaining.APIChaining" name="deleteUser" time="1.111"/>
  <testcase classname="_08_APIChaining.APIChaining" name="updateUser" time="1.023"/>
  <testcase classname="_08_APIChaining.APIChaining" name="getUser" time="1.113"/>
</testsuite> <!-- _08_APIChaining.APIChaining -->
