<?xml version="1.0" encoding="UTF-8"?>
<!-- Generated by org.testng.reporters.JUnitReportReporter -->
<testsuite hostname="Tejas" failures="0" tests="3" name="_05_ParsingJSONResponse.ParsingComplexJSONResponse" time="1.089" errors="0" timestamp="2025-06-08T12:59:26 IST" skipped="0">
  <testcase classname="_05_ParsingJSONResponse.ParsingComplexJSONResponse" name="testUserDetails" time="0.958"/>
  <testcase classname="_05_ParsingJSONResponse.ParsingComplexJSONResponse" name="testRecentOrdersValidation" time="0.093"/>
  <testcase classname="_05_ParsingJSONResponse.ParsingComplexJSONResponse" name="testPreferencesAndMetadataValidation" time="0.038"/>
</testsuite> <!-- _05_ParsingJSONResponse.ParsingComplexJSONResponse -->
