<?xml version="1.0" encoding="UTF-8"?>
<!-- Generated by org.testng.reporters.JUnitReportReporter -->
<testsuite hostname="Tejas" failures="0" tests="1" name="_08_APIChaining.GetUser" time="1.171" errors="0" timestamp="2025-06-21T14:08:54 IST" skipped="0">
  <testcase classname="_08_APIChaining.GetUser" name="getUser" time="1.171"/>
</testsuite> <!-- _08_APIChaining.GetUser -->
