<?xml version="1.0" encoding="UTF-8"?>
<!-- Generated by org.testng.reporters.JUnitReportReporter -->
<testsuite hostname="Tejas" failures="0" tests="1" name="_10_DataDrivenTesting.SubmitOrder" time="4.484" errors="0" timestamp="2025-06-22T15:56:42 IST" skipped="0">
  <testcase classname="_10_DataDrivenTesting.SubmitOrder" name="testSubmitAndDeleteOrder" time="4.484"/>
</testsuite> <!-- _10_DataDrivenTesting.SubmitOrder -->
