<?xml version="1.0" encoding="UTF-8"?>
<!-- Generated by org.testng.reporters.JUnitReportReporter -->
<testsuite hostname="Tejas" failures="0" tests="1" name="_03_Authentications.AuthenticationTests" time="1.745" errors="0" timestamp="2025-06-07T15:14:29 IST" skipped="0">
  <testcase classname="_03_Authentications.AuthenticationTests" name="verifyAPIKey" time="1.745"/>
</testsuite> <!-- _03_Authentications.AuthenticationTests -->
