<?xml version="1.0" encoding="UTF-8"?>
<!-- Generated by org.testng.reporters.JUnitReportReporter -->
<testsuite hostname="Tejas" failures="0" tests="6" name="_09_Request_Response_Specs.RequestResponse" time="1.209" errors="0" timestamp="2025-06-21T15:56:54 IST" skipped="0">
  <testcase classname="_09_Request_Response_Specs.RequestResponse" name="getEmployees" time="1.042"/>
  <testcase classname="_09_Request_Response_Specs.RequestResponse" name="getMaleEmployees" time="0.062"/>
  <testcase classname="_09_Request_Response_Specs.RequestResponse" name="getFeMaleEmployees" time="0.030"/>
  <testcase classname="_09_Request_Response_Specs.RequestResponse" name="getEmployeeById" time="0.026"/>
  <testcase classname="_09_Request_Response_Specs.RequestResponse" name="getEmployeeByFirstName" time="0.026"/>
  <testcase classname="_09_Request_Response_Specs.RequestResponse" name="getEmployeeByLastName" time="0.023"/>
</testsuite> <!-- _09_Request_Response_Specs.RequestResponse -->
