<?xml version="1.0" encoding="UTF-8"?>
<!-- Generated by org.testng.reporters.JUnitReportReporter -->
<testsuite hostname="Tejas" failures="0" tests="4" name="_01_Methods.HTTPMethods" time="4.300" errors="0" timestamp="2025-06-07T12:24:15 IST" skipped="0">
  <testcase classname="_01_Methods.HTTPMethods" name="getUsers" time="1.901"/>
  <testcase classname="_01_Methods.HTTPMethods" name="createUser" time="0.969"/>
  <testcase classname="_01_Methods.HTTPMethods" name="updateUser" time="0.763"/>
  <testcase classname="_01_Methods.HTTPMethods" name="deleteUser" time="0.667"/>
</testsuite> <!-- _01_Methods.HTTPMethods -->
