<?xml version="1.0" encoding="UTF-8"?>
<!-- Generated by org.testng.reporters.JUnitReportReporter -->
<testsuite hostname="Tejas" failures="0" tests="1" name="ParsingJSONObjectResponse.StoreAPI" time="1.871" errors="0" timestamp="2025-06-08T13:43:45 IST" skipped="0">
  <testcase classname="ParsingJSONObjectResponse.StoreAPI" name="testJsonResponseBody" time="1.871"/>
</testsuite> <!-- ParsingJSONObjectResponse.StoreAPI -->
