<?xml version="1.0" encoding="UTF-8"?>
<!-- Generated by org.testng.reporters.JUnitReportReporter -->
<testsuite hostname="Tejas" failures="0" tests="1" name="_02_RequestPayload.ParametersDemo" time="1.876" errors="0" timestamp="2025-06-07T14:15:12 IST" skipped="0">
  <testcase classname="_02_RequestPayload.ParametersDemo" name="queryParams" time="1.876"/>
</testsuite> <!-- _02_RequestPayload.ParametersDemo -->
