<?xml version="1.0" encoding="UTF-8"?>
<!-- Generated by org.testng.reporters.JUnitReportReporter -->
<testsuite hostname="Tejas" failures="0" tests="1" name="_04_FileUpload.FileUploadDownload" time="2.044" errors="0" timestamp="2025-06-07T21:50:55 IST" skipped="0">
  <testcase classname="_04_FileUpload.FileUploadDownload" name="uploadMultipleFiles" time="2.044"/>
</testsuite> <!-- _04_FileUpload.FileUploadDownload -->
