<?xml version="1.0" encoding="UTF-8"?>
<!-- Generated by org.testng.reporters.JUnitReportReporter -->
<testsuite hostname="Tejas" failures="0" tests="3" name="_09_Serialization_Deserialization.SerializationDeserialization" time="1.807" errors="0" timestamp="2025-06-21T15:19:04 IST" skipped="0">
  <testcase classname="_09_Serialization_Deserialization.SerializationDeserialization" name="serialization" time="1.721"/>
  <testcase classname="_09_Serialization_Deserialization.SerializationDeserialization" name="deserialization" time="0.067"/>
  <testcase classname="_09_Serialization_Deserialization.SerializationDeserialization" name="deleteStudent" time="0.019"/>
</testsuite> <!-- _09_Serialization_Deserialization.SerializationDeserialization -->
