<?xml version="1.0" encoding="UTF-8"?>
<!-- Generated by org.testng.reporters.JUnitReportReporter -->
<testsuite hostname="Tejas" failures="0" tests="1" name="_04_FileUpload.ResponseCookies" time="1.717" errors="0" timestamp="2025-06-08T11:33:48 IST" skipped="0">
  <testcase classname="_04_FileUpload.ResponseCookies" name="responseCookies" time="1.717"/>
</testsuite> <!-- _04_FileUpload.ResponseCookies -->
